Date: Fri Jan 23 17:17:55 CET 2026
Node: gcn58.local.snellius.surf.nl
CPUs: 8
Fri Jan 23 17:17:55 2026       
+-----------------------------------------------------------------------------------------+
| NVIDIA-SMI 580.95.05              Driver Version: 580.95.05      CUDA Version: 13.0     |
+-----------------------------------------+------------------------+----------------------+
| GPU  Name                 Persistence-M | Bus-Id          Disp.A | Volatile Uncorr. ECC |
| Fan  Temp   Perf          Pwr:Usage/Cap |           Memory-Usage | GPU-Util  Compute M. |
|                                         |                        |               MIG M. |
|=========================================+========================+======================|
|   0  NVIDIA A100-SXM4-40GB          On  |   00000000:31:00.0 Off |                    0 |
| N/A   31C    P0             49W /  400W |       0MiB /  40960MiB |      0%      Default |
|                                         |                        |             Disabled |
+-----------------------------------------+------------------------+----------------------+

+-----------------------------------------------------------------------------------------+
| Processes:                                                                              |
|  GPU   GI   CI              PID   Type   Process name                        GPU Memory |
|        ID   ID                                                               Usage      |
|=========================================================================================|
|  No running processes found                                                             |
+-----------------------------------------------------------------------------------------+
============================================================================================== 
Warning! Mixing Conda and module environments may lead to corruption of the
user environment. 
We do not recommend users mixing those two environments unless absolutely
necessary. Note that 
SURF does not provide any support for Conda environment.
For more information, please refer to our software policy page:
https://servicedesk.surf.nl/wiki/display/WIKI/Software+policy+Snellius#SoftwarepolicySnellius-UseofAnacondaandMinicondaenvironmentsonSnellius 

Remember that many packages have already been installed on the system and can
be loaded using 
the 'module load <package__name>' command. If you are uncertain if a package is
already available 
on the system, please use 'module avail' or 'module spider' to search for it.
============================================================================================== 
Process Process-2:
Traceback (most recent call last):
  File "/home/nalmawaldi/.conda/envs/flexvit/lib/python3.9/multiprocessing/process.py", line 315, in _bootstrap
    self.run()
  File "/home/nalmawaldi/.conda/envs/flexvit/lib/python3.9/multiprocessing/process.py", line 108, in run
    self._target(*self._args, **self._kwargs)
  File "/home/nalmawaldi/.conda/envs/flexvit/lib/python3.9/site-packages/crypten/mpc/context.py", line 30, in _launch
    return_value = func(*func_args, **func_kwargs)
  File "/gpfs/home2/nalmawaldi/FINAL_PROJECT/flexvit/secureD1_infer_crypten.py", line 315, in run_party
    crypten_models[lvl] = build_crypten_model_for_level(lvl, verbose=False)
  File "/gpfs/home2/nalmawaldi/FINAL_PROJECT/flexvit/secureD1_infer_crypten.py", line 245, in build_crypten_model_for_level
    torch_model = build_flexvit(device=device, level=level, verbose=False)
  File "/gpfs/home2/nalmawaldi/FINAL_PROJECT/flexvit/secureD1_infer_crypten.py", line 187, in build_flexvit
    model.load_state_dict(state_dict, strict=False)
  File "/home/nalmawaldi/.conda/envs/flexvit/lib/python3.9/site-packages/torch/nn/modules/module.py", line 1497, in load_state_dict
    raise RuntimeError('Error(s) in loading state_dict for {}:\n\t{}'.format(
RuntimeError: Error(s) in loading state_dict for VisionTransformer:
	size mismatch for heads.head.level0.weight: copying a param with shape torch.Size([100, 384]) from checkpoint, the shape in current model is torch.Size([1000, 384]).
	size mismatch for heads.head.level0.bias: copying a param with shape torch.Size([100]) from checkpoint, the shape in current model is torch.Size([1000]).
	size mismatch for heads.head.level1.weight: copying a param with shape torch.Size([100, 480]) from checkpoint, the shape in current model is torch.Size([1000, 480]).
	size mismatch for heads.head.level1.bias: copying a param with shape torch.Size([100]) from checkpoint, the shape in current model is torch.Size([1000]).
	size mismatch for heads.head.level2.weight: copying a param with shape torch.Size([100, 576]) from checkpoint, the shape in current model is torch.Size([1000, 576]).
	size mismatch for heads.head.level2.bias: copying a param with shape torch.Size([100]) from checkpoint, the shape in current model is torch.Size([1000]).
	size mismatch for heads.head.level3.weight: copying a param with shape torch.Size([100, 672]) from checkpoint, the shape in current model is torch.Size([1000, 672]).
	size mismatch for heads.head.level3.bias: copying a param with shape torch.Size([100]) from checkpoint, the shape in current model is torch.Size([1000]).
	size mismatch for heads.head.level4.weight: copying a param with shape torch.Size([100, 768]) from checkpoint, the shape in current model is torch.Size([1000, 768]).
	size mismatch for heads.head.level4.bias: copying a param with shape torch.Size([100]) from checkpoint, the shape in current model is torch.Size([1000]).
Process Process-1:
Traceback (most recent call last):
  File "/home/nalmawaldi/.conda/envs/flexvit/lib/python3.9/multiprocessing/process.py", line 315, in _bootstrap
    self.run()
  File "/home/nalmawaldi/.conda/envs/flexvit/lib/python3.9/multiprocessing/process.py", line 108, in run
    self._target(*self._args, **self._kwargs)
  File "/home/nalmawaldi/.conda/envs/flexvit/lib/python3.9/site-packages/crypten/mpc/context.py", line 30, in _launch
    return_value = func(*func_args, **func_kwargs)
  File "/gpfs/home2/nalmawaldi/FINAL_PROJECT/flexvit/secureD1_infer_crypten.py", line 315, in run_party
    crypten_models[lvl] = build_crypten_model_for_level(lvl, verbose=False)
  File "/gpfs/home2/nalmawaldi/FINAL_PROJECT/flexvit/secureD1_infer_crypten.py", line 245, in build_crypten_model_for_level
    torch_model = build_flexvit(device=device, level=level, verbose=False)
  File "/gpfs/home2/nalmawaldi/FINAL_PROJECT/flexvit/secureD1_infer_crypten.py", line 187, in build_flexvit
    model.load_state_dict(state_dict, strict=False)
  File "/home/nalmawaldi/.conda/envs/flexvit/lib/python3.9/site-packages/torch/nn/modules/module.py", line 1497, in load_state_dict
    raise RuntimeError('Error(s) in loading state_dict for {}:\n\t{}'.format(
RuntimeError: Error(s) in loading state_dict for VisionTransformer:
	size mismatch for heads.head.level0.weight: copying a param with shape torch.Size([100, 384]) from checkpoint, the shape in current model is torch.Size([1000, 384]).
	size mismatch for heads.head.level0.bias: copying a param with shape torch.Size([100]) from checkpoint, the shape in current model is torch.Size([1000]).
	size mismatch for heads.head.level1.weight: copying a param with shape torch.Size([100, 480]) from checkpoint, the shape in current model is torch.Size([1000, 480]).
	size mismatch for heads.head.level1.bias: copying a param with shape torch.Size([100]) from checkpoint, the shape in current model is torch.Size([1000]).
	size mismatch for heads.head.level2.weight: copying a param with shape torch.Size([100, 576]) from checkpoint, the shape in current model is torch.Size([1000, 576]).
	size mismatch for heads.head.level2.bias: copying a param with shape torch.Size([100]) from checkpoint, the shape in current model is torch.Size([1000]).
	size mismatch for heads.head.level3.weight: copying a param with shape torch.Size([100, 672]) from checkpoint, the shape in current model is torch.Size([1000, 672]).
	size mismatch for heads.head.level3.bias: copying a param with shape torch.Size([100]) from checkpoint, the shape in current model is torch.Size([1000]).
	size mismatch for heads.head.level4.weight: copying a param with shape torch.Size([100, 768]) from checkpoint, the shape in current model is torch.Size([1000, 768]).
	size mismatch for heads.head.level4.bias: copying a param with shape torch.Size([100]) from checkpoint, the shape in current model is torch.Size([1000]).
ERROR:root:One of the parties failed. Check past logs
