Date: Sun Jan 25 12:15:29 CET 2026
Node: gcn60.local.snellius.surf.nl
CPUs: 8
Sun Jan 25 12:15:29 2026       
+-----------------------------------------------------------------------------------------+
| NVIDIA-SMI 580.95.05              Driver Version: 580.95.05      CUDA Version: 13.0     |
+-----------------------------------------+------------------------+----------------------+
| GPU  Name                 Persistence-M | Bus-Id          Disp.A | Volatile Uncorr. ECC |
| Fan  Temp   Perf          Pwr:Usage/Cap |           Memory-Usage | GPU-Util  Compute M. |
|                                         |                        |               MIG M. |
|=========================================+========================+======================|
|   0  NVIDIA A100-SXM4-40GB          On  |   00000000:31:00.0 Off |                    0 |
| N/A   29C    P0             48W /  400W |       0MiB /  40960MiB |      0%      Default |
|                                         |                        |             Disabled |
+-----------------------------------------+------------------------+----------------------+

+-----------------------------------------------------------------------------------------+
| Processes:                                                                              |
|  GPU   GI   CI              PID   Type   Process name                        GPU Memory |
|        ID   ID                                                               Usage      |
|=========================================================================================|
|  No running processes found                                                             |
+-----------------------------------------------------------------------------------------+
============================================================================================== 
Warning! Mixing Conda and module environments may lead to corruption of the
user environment. 
We do not recommend users mixing those two environments unless absolutely
necessary. Note that 
SURF does not provide any support for Conda environment.
For more information, please refer to our software policy page:
https://servicedesk.surf.nl/wiki/display/WIKI/Software+policy+Snellius#SoftwarepolicySnellius-UseofAnacondaandMinicondaenvironmentsonSnellius 

Remember that many packages have already been installed on the system and can
be loaded using 
the 'module load <package__name>' command. If you are uncertain if a package is
already available 
on the system, please use 'module avail' or 'module spider' to search for it.
============================================================================================== 
[plain] device=cpu
[plain] level=0 sec/iter=0.0229 acc1=1.0
[plain] level=1 sec/iter=0.0342 acc1=1.0
[plain] level=2 sec/iter=0.0382 acc1=1.0
[plain] wrote outputs/results_plain_idx0.csv
srun: Job step aborted: Waiting up to 32 seconds for job step to finish.
[2026-01-25T12:43:33.421] error: *** JOB 18669901 ON gcn60 CANCELLED AT 2026-01-25T12:43:33 DUE to SIGNAL Terminated ***
[2026-01-25T12:43:33.421] error: *** STEP 18669901.0 ON gcn60 CANCELLED AT 2026-01-25T12:43:33 DUE to SIGNAL Terminated ***
